<?xml version="1.0" encoding="UTF-8"?>
<!-- Generated by org.testng.reporters.JUnitReportReporter -->
<testsuite hostname="DESKTOP-N8FCF7S" failures="0" tests="1" name="demoTest.DemoGitMurged" time="17.618" errors="0" timestamp="2022-10-20T16:13:17 IST" skipped="0">
  <testcase classname="demoTest.DemoGitMurged" name="demogit" time="17.618"/>
  <system-out/>
</testsuite> <!-- demoTest.DemoGitMurged -->
