<?xml version="1.0" encoding="UTF-8"?>
<!-- Generated by org.testng.reporters.JUnitReportReporter -->
<testsuite hostname="DESKTOP-N8FCF7S" failures="0" tests="1" name="demoTest.Demo" time="0.025" errors="0" timestamp="2022-09-18T21:58:28 IST" skipped="0">
  <testcase classname="demoTest.Demo" name="demo" time="0.025"/>
  <system-out/>
</testsuite> <!-- demoTest.Demo -->
