<?xml version="1.0" encoding="UTF-8"?>
<!-- Generated by org.testng.reporters.JUnitReportReporter -->
<testsuite hostname="DESKTOP-N8FCF7S" failures="0" tests="1" name="demoTest.DemoTest" time="0.015" errors="0" timestamp="2022-09-18T22:32:17 IST" skipped="0">
  <testcase classname="demoTest.DemoTest" name="demo" time="0.015"/>
  <system-out/>
</testsuite> <!-- demoTest.DemoTest -->
